[2024-05-21 13:33:38,055: INFO: main: Welcome to our custom log]
[2024-05-23 21:51:11,842: INFO: main: Welcome to our custom log]
[2024-05-27 21:12:12,602: INFO: common: yaml file: config/config.yaml loaded successfully]
[2024-05-27 21:14:14,916: INFO: common: yaml file: config/config.yaml loaded successfully]
[2024-05-27 21:15:09,950: INFO: main: Welcome to our custom log]
[2024-05-27 21:15:20,628: INFO: common: yaml file: config/config.yaml loaded successfully]
[2024-05-27 21:15:20,630: INFO: common: yaml file: params.yaml loaded successfully]
[2024-05-27 21:15:20,631: INFO: common: created directory at: artifacts]
[2024-05-27 21:15:20,631: INFO: common: created directory at: artifacts/data_ingestion]
[2024-05-27 21:15:20,632: INFO: 925620196: Downloading data from https://drive.google.com/file/d/1XevtqOL2YAdmlwUodQug9aFP_o5E1s5K/view?usp=sharing into file artifacts/data_ingestion/data.zip]
[2024-05-27 21:15:25,306: INFO: 925620196: Downloaded data from https://drive.google.com/file/d/1XevtqOL2YAdmlwUodQug9aFP_o5E1s5K/view?usp=sharing into file artifacts/data_ingestion/data.zip]
[2024-05-27 21:31:00,902: INFO: main: Welcome to our custom log]
[2024-05-27 21:34:09,052: INFO: main: >>>>>> stage Data Ingestion stage started <<<<<<]
[2024-05-27 21:34:09,053: INFO: common: yaml file: config/config.yaml loaded successfully]
[2024-05-27 21:34:09,053: INFO: common: yaml file: params.yaml loaded successfully]
[2024-05-27 21:34:09,053: INFO: common: created directory at: artifacts]
[2024-05-27 21:34:09,053: INFO: common: created directory at: artifacts/data_ingestion]
[2024-05-27 21:34:09,053: INFO: data_ingestion: Downloading data from https://drive.google.com/file/d/1XevtqOL2YAdmlwUodQug9aFP_o5E1s5K/view?usp=sharing into file artifacts/data_ingestion/data.zip]
[2024-05-27 21:34:13,443: INFO: data_ingestion: Downloaded data from https://drive.google.com/file/d/1XevtqOL2YAdmlwUodQug9aFP_o5E1s5K/view?usp=sharing into file artifacts/data_ingestion/data.zip]
[2024-05-27 21:34:14,614: INFO: main: >>>>>> stage Data Ingestion stage completed <<<<<<

x==========x]
